<?xml version="1.0" encoding="UTF-8"?>
<testsuite name="com.cohort2.seriousincidentreport.ApplicationTests" tests="1" skipped="0" failures="0" errors="0" timestamp="2021-11-19T21:14:24" hostname="RGCAFC86522" time="0.207">
  <properties/>
  <testcase name="contextLoads()" classname="com.cohort2.seriousincidentreport.ApplicationTests" time="0.207"/>
  <system-out><![CDATA[15:14:22.280 [Test worker] DEBUG org.springframework.test.context.BootstrapUtils - Instantiating CacheAwareContextLoaderDelegate from class [org.springframework.test.context.cache.DefaultCacheAwareContextLoaderDelegate]
15:14:22.287 [Test worker] DEBUG org.springframework.test.context.BootstrapUtils - Instantiating BootstrapContext using constructor [public org.springframework.test.context.support.DefaultBootstrapContext(java.lang.Class,org.springframework.test.context.CacheAwareContextLoaderDelegate)]
15:14:22.308 [Test worker] DEBUG org.springframework.test.context.BootstrapUtils - Instantiating TestContextBootstrapper for test class [com.cohort2.seriousincidentreport.ApplicationTests] from class [org.springframework.boot.test.context.SpringBootTestContextBootstrapper]
15:14:22.315 [Test worker] INFO org.springframework.boot.test.context.SpringBootTestContextBootstrapper - Neither @ContextConfiguration nor @ContextHierarchy found for test class [com.cohort2.seriousincidentreport.ApplicationTests], using SpringBootContextLoader
15:14:22.318 [Test worker] DEBUG org.springframework.test.context.support.AbstractContextLoader - Did not detect default resource location for test class [com.cohort2.seriousincidentreport.ApplicationTests]: class path resource [com/cohort2/seriousincidentreport/ApplicationTests-context.xml] does not exist
15:14:22.318 [Test worker] DEBUG org.springframework.test.context.support.AbstractContextLoader - Did not detect default resource location for test class [com.cohort2.seriousincidentreport.ApplicationTests]: class path resource [com/cohort2/seriousincidentreport/ApplicationTestsContext.groovy] does not exist
15:14:22.318 [Test worker] INFO org.springframework.test.context.support.AbstractContextLoader - Could not detect default resource locations for test class [com.cohort2.seriousincidentreport.ApplicationTests]: no resource found for suffixes {-context.xml, Context.groovy}.
15:14:22.319 [Test worker] INFO org.springframework.test.context.support.AnnotationConfigContextLoaderUtils - Could not detect default configuration classes for test class [com.cohort2.seriousincidentreport.ApplicationTests]: ApplicationTests does not declare any static, non-private, non-final, nested classes annotated with @Configuration.
15:14:22.348 [Test worker] DEBUG org.springframework.test.context.support.ActiveProfilesUtils - Could not find an 'annotation declaring class' for annotation type [org.springframework.test.context.ActiveProfiles] and class [com.cohort2.seriousincidentreport.ApplicationTests]
15:14:22.388 [Test worker] DEBUG org.springframework.context.annotation.ClassPathScanningCandidateComponentProvider - Identified candidate component class: file [/Users/j2186580/IdeaProjects/SIR/sir-server/build/classes/java/main/com/cohort2/seriousincidentreport/Application.class]
15:14:22.389 [Test worker] INFO org.springframework.boot.test.context.SpringBootTestContextBootstrapper - Found @SpringBootConfiguration com.cohort2.seriousincidentreport.Application for test class com.cohort2.seriousincidentreport.ApplicationTests
15:14:22.457 [Test worker] DEBUG org.springframework.boot.test.context.SpringBootTestContextBootstrapper - @TestExecutionListeners is not present for class [com.cohort2.seriousincidentreport.ApplicationTests]: using defaults.
15:14:22.458 [Test worker] INFO org.springframework.boot.test.context.SpringBootTestContextBootstrapper - Loaded default TestExecutionListener class names from location [META-INF/spring.factories]: [org.springframework.boot.test.autoconfigure.restdocs.RestDocsTestExecutionListener, org.springframework.boot.test.autoconfigure.web.client.MockRestServiceServerResetTestExecutionListener, org.springframework.boot.test.autoconfigure.web.servlet.MockMvcPrintOnlyOnFailureTestExecutionListener, org.springframework.boot.test.autoconfigure.web.servlet.WebDriverTestExecutionListener, org.springframework.boot.test.autoconfigure.webservices.client.MockWebServiceServerTestExecutionListener, org.springframework.boot.test.mock.mockito.MockitoTestExecutionListener, org.springframework.boot.test.mock.mockito.ResetMocksTestExecutionListener, org.springframework.test.context.web.ServletTestExecutionListener, org.springframework.test.context.support.DirtiesContextBeforeModesTestExecutionListener, org.springframework.test.context.event.ApplicationEventsTestExecutionListener, org.springframework.test.context.support.DependencyInjectionTestExecutionListener, org.springframework.test.context.support.DirtiesContextTestExecutionListener, org.springframework.test.context.transaction.TransactionalTestExecutionListener, org.springframework.test.context.jdbc.SqlScriptsTestExecutionListener, org.springframework.test.context.event.EventPublishingTestExecutionListener]
15:14:22.470 [Test worker] INFO org.springframework.boot.test.context.SpringBootTestContextBootstrapper - Using TestExecutionListeners: [org.springframework.test.context.web.ServletTestExecutionListener@129b4fe2, org.springframework.test.context.support.DirtiesContextBeforeModesTestExecutionListener@5af3a0f, org.springframework.test.context.event.ApplicationEventsTestExecutionListener@19ae6bb, org.springframework.boot.test.mock.mockito.MockitoTestExecutionListener@10993713, org.springframework.boot.test.autoconfigure.SpringBootDependencyInjectionTestExecutionListener@58359ebd, org.springframework.test.context.support.DirtiesContextTestExecutionListener@24b6b8f6, org.springframework.test.context.transaction.TransactionalTestExecutionListener@72cf2de5, org.springframework.test.context.jdbc.SqlScriptsTestExecutionListener@2bb7bd00, org.springframework.test.context.event.EventPublishingTestExecutionListener@5f031ebd, org.springframework.boot.test.autoconfigure.restdocs.RestDocsTestExecutionListener@4ee37ca3, org.springframework.boot.test.autoconfigure.web.client.MockRestServiceServerResetTestExecutionListener@45c8d09f, org.springframework.boot.test.autoconfigure.web.servlet.MockMvcPrintOnlyOnFailureTestExecutionListener@53812a9b, org.springframework.boot.test.autoconfigure.web.servlet.WebDriverTestExecutionListener@14b030a0, org.springframework.boot.test.autoconfigure.webservices.client.MockWebServiceServerTestExecutionListener@41e350f1, org.springframework.boot.test.mock.mockito.ResetMocksTestExecutionListener@422c3c7a]
15:14:22.473 [Test worker] DEBUG org.springframework.test.context.support.AbstractDirtiesContextTestExecutionListener - Before test class: context [DefaultTestContext@5974109 testClass = ApplicationTests, testInstance = [null], testMethod = [null], testException = [null], mergedContextConfiguration = [WebMergedContextConfiguration@27305e6 testClass = ApplicationTests, locations = '{}', classes = '{class com.cohort2.seriousincidentreport.Application}', contextInitializerClasses = '[]', activeProfiles = '{}', propertySourceLocations = '{}', propertySourceProperties = '{org.springframework.boot.test.context.SpringBootTestContextBootstrapper=true}', contextCustomizers = set[org.springframework.boot.test.autoconfigure.actuate.metrics.MetricsExportContextCustomizerFactory$DisableMetricExportContextCustomizer@3148f668, org.springframework.boot.test.autoconfigure.properties.PropertyMappingContextCustomizer@0, org.springframework.boot.test.autoconfigure.web.servlet.WebDriverContextCustomizerFactory$Customizer@6f7923a5, org.springframework.boot.test.context.filter.ExcludeFilterContextCustomizer@20ca951f, org.springframework.boot.test.json.DuplicateJsonObjectContextCustomizerFactory$DuplicateJsonObjectContextCustomizer@1838ccb8, org.springframework.boot.test.mock.mockito.MockitoContextCustomizer@0, org.springframework.boot.test.web.client.TestRestTemplateContextCustomizer@36a5cabc, org.springframework.boot.test.context.SpringBootTestArgs@1, org.springframework.boot.test.context.SpringBootTestWebEnvironment@291caca8], resourceBasePath = 'src/main/webapp', contextLoader = 'org.springframework.boot.test.context.SpringBootContextLoader', parent = [null]], attributes = map['org.springframework.test.context.web.ServletTestExecutionListener.activateListener' -> true]], class annotated with @DirtiesContext [false] with mode [null].
15:14:22.510 [Test worker] DEBUG org.springframework.boot.ApplicationServletEnvironment - Activating profiles []
15:14:22.514 [Test worker] DEBUG org.springframework.test.context.support.TestPropertySourceUtils - Adding inlined properties to environment: {spring.jmx.enabled=false, org.springframework.boot.test.context.SpringBootTestContextBootstrapper=true}

  .   ____          _            __ _ _
 /\\ / ___'_ __ _ _(_)_ __  __ _ \ \ \ \
( ( )\___ | '_ | '_| | '_ \/ _` | \ \ \ \
 \\/  ___)| |_)| | | | | || (_| |  ) ) ) )
  '  |____| .__|_| |_|_| |_\__, | / / / /
 =========|_|==============|___/=/_/_/_/
 :: Spring Boot ::                (v2.5.7)

2021-11-19 15:14:22.718  INFO 61945 --- [    Test worker] c.c.s.ApplicationTests                   : Starting ApplicationTests using Java 17 on RGCAFC86522 with PID 61945 (started by j2186580 in /Users/j2186580/IdeaProjects/SIR/sir-server)
2021-11-19 15:14:22.719  INFO 61945 --- [    Test worker] c.c.s.ApplicationTests                   : No active profile set, falling back to default profiles: default
2021-11-19 15:14:23.167  INFO 61945 --- [    Test worker] .s.d.r.c.RepositoryConfigurationDelegate : Bootstrapping Spring Data JPA repositories in DEFAULT mode.
2021-11-19 15:14:23.175  INFO 61945 --- [    Test worker] .s.d.r.c.RepositoryConfigurationDelegate : Finished Spring Data repository scanning in 3 ms. Found 0 JPA repository interfaces.
2021-11-19 15:14:23.576  INFO 61945 --- [    Test worker] o.hibernate.jpa.internal.util.LogHelper  : HHH000204: Processing PersistenceUnitInfo [name: default]
2021-11-19 15:14:23.617  INFO 61945 --- [    Test worker] org.hibernate.Version                    : HHH000412: Hibernate ORM core version 5.4.32.Final
2021-11-19 15:14:23.726  INFO 61945 --- [    Test worker] o.hibernate.annotations.common.Version   : HCANN000001: Hibernate Commons Annotations {5.1.2.Final}
2021-11-19 15:14:23.791  INFO 61945 --- [    Test worker] com.zaxxer.hikari.HikariDataSource       : HikariPool-1 - Starting...
2021-11-19 15:14:24.033  INFO 61945 --- [    Test worker] com.zaxxer.hikari.HikariDataSource       : HikariPool-1 - Start completed.
2021-11-19 15:14:24.043  INFO 61945 --- [    Test worker] org.hibernate.dialect.Dialect            : HHH000400: Using dialect: org.hibernate.dialect.MySQL8Dialect
2021-11-19 15:14:24.229  INFO 61945 --- [    Test worker] o.h.e.t.j.p.i.JtaPlatformInitiator       : HHH000490: Using JtaPlatform implementation: [org.hibernate.engine.transaction.jta.platform.internal.NoJtaPlatform]
2021-11-19 15:14:24.237  INFO 61945 --- [    Test worker] j.LocalContainerEntityManagerFactoryBean : Initialized JPA EntityManagerFactory for persistence unit 'default'
2021-11-19 15:14:24.411  WARN 61945 --- [    Test worker] JpaBaseConfiguration$JpaWebConfiguration : spring.jpa.open-in-view is enabled by default. Therefore, database queries may be performed during view rendering. Explicitly configure spring.jpa.open-in-view to disable this warning
2021-11-19 15:14:24.836  INFO 61945 --- [    Test worker] c.c.s.ApplicationTests                   : Started ApplicationTests in 2.32 seconds (JVM running for 3.863)
]]></system-out>
  <system-err><![CDATA[]]></system-err>
</testsuite>
